  [1m[36m (1.5ms)[0m  [1mCREATE TABLE "schema_migrations" ("version" varchar NOT NULL) [0m
  [1m[35m (0.1ms)[0m  select sqlite_version(*)
  [1m[36m (1.4ms)[0m  [1mCREATE UNIQUE INDEX "unique_schema_migrations" ON "schema_migrations" ("version")[0m
  [1m[35mActiveRecord::SchemaMigration Load (0.1ms)[0m  SELECT "schema_migrations".* FROM "schema_migrations"
Migrating to CreateUsers (20160224192625)
  [1m[36m (0.1ms)[0m  [1mbegin transaction[0m
DEPRECATION WARNING: `#timestamps` was called without specifying an option for `null`. In Rails 5, this behavior will change to `null: false`. You should manually specify `null: true` to prevent the behavior of your existing migrations from changing. (called from block in change at /Users/appacademy/Desktop/w3d3/URLShortner/db/migrate/20160224192625_create_users.rb:6)
  [1m[35m (0.7ms)[0m  CREATE TABLE "users" ("id" INTEGER PRIMARY KEY AUTOINCREMENT NOT NULL, "email" varchar NOT NULL, "created_at" datetime, "updated_at" datetime) 
  [1m[36m (1.6ms)[0m  [1mCREATE UNIQUE INDEX "index_users_on_email" ON "users" ("email")[0m
  [1m[35mSQL (0.3ms)[0m  INSERT INTO "schema_migrations" ("version") VALUES (?)  [["version", "20160224192625"]]
  [1m[36m (1.6ms)[0m  [1mcommit transaction[0m
  [1m[35mActiveRecord::SchemaMigration Load (0.1ms)[0m  SELECT "schema_migrations".* FROM "schema_migrations"
  [1m[36m (0.3ms)[0m  [1m            SELECT sql
            FROM sqlite_master
            WHERE name='index_users_on_email' AND type='index'
            UNION ALL
            SELECT sql
            FROM sqlite_temp_master
            WHERE name='index_users_on_email' AND type='index'
[0m
  [1m[36mActiveRecord::SchemaMigration Load (0.1ms)[0m  [1mSELECT "schema_migrations".* FROM "schema_migrations"[0m
Migrating to CreateShortenedUrl (20160224194738)
  [1m[35m (0.1ms)[0m  begin transaction
DEPRECATION WARNING: `#timestamps` was called without specifying an option for `null`. In Rails 5, this behavior will change to `null: false`. You should manually specify `null: true` to prevent the behavior of your existing migrations from changing. (called from block in change at /Users/appacademy/Desktop/w3d3/URLShortner/db/migrate/20160224194738_create_shortened_url.rb:8)
  [1m[36m (0.5ms)[0m  [1mCREATE TABLE "shortened_urls" ("id" INTEGER PRIMARY KEY AUTOINCREMENT NOT NULL, "long_url" varchar NOT NULL, "short_url" varchar NOT NULL, "submitter_id" integer NOT NULL, "created_at" datetime, "updated_at" datetime) [0m
  [1m[35m (0.1ms)[0m  select sqlite_version(*)
  [1m[36m (1.2ms)[0m  [1mCREATE UNIQUE INDEX "index_shortened_urls_on_short_url" ON "shortened_urls" ("short_url")[0m
  [1m[35m (0.1ms)[0m              SELECT sql
            FROM sqlite_master
            WHERE name='index_shortened_urls_on_short_url' AND type='index'
            UNION ALL
            SELECT sql
            FROM sqlite_temp_master
            WHERE name='index_shortened_urls_on_short_url' AND type='index'

  [1m[36m (0.2ms)[0m  [1mCREATE  INDEX "index_shortened_urls_on_submitter_id" ON "shortened_urls" ("submitter_id")[0m
  [1m[35mSQL (0.3ms)[0m  INSERT INTO "schema_migrations" ("version") VALUES (?)  [["version", "20160224194738"]]
  [1m[36m (1.6ms)[0m  [1mcommit transaction[0m
  [1m[35mActiveRecord::SchemaMigration Load (0.2ms)[0m  SELECT "schema_migrations".* FROM "schema_migrations"
  [1m[36m (0.1ms)[0m  [1m            SELECT sql
            FROM sqlite_master
            WHERE name='index_shortened_urls_on_submitter_id' AND type='index'
            UNION ALL
            SELECT sql
            FROM sqlite_temp_master
            WHERE name='index_shortened_urls_on_submitter_id' AND type='index'
[0m
  [1m[35m (0.1ms)[0m              SELECT sql
            FROM sqlite_master
            WHERE name='index_shortened_urls_on_short_url' AND type='index'
            UNION ALL
            SELECT sql
            FROM sqlite_temp_master
            WHERE name='index_shortened_urls_on_short_url' AND type='index'

  [1m[36m (0.1ms)[0m  [1m            SELECT sql
            FROM sqlite_master
            WHERE name='index_users_on_email' AND type='index'
            UNION ALL
            SELECT sql
            FROM sqlite_temp_master
            WHERE name='index_users_on_email' AND type='index'
[0m
  [1m[36mShortenedURL Exists (0.3ms)[0m  [1mSELECT  1 AS one FROM "shortened_urls" WHERE "shortened_urls"."short_url" = ? LIMIT 1[0m  [["short_url", "RFBFkgIbIzgGZQBsSYE6IQ"]]
  [1m[35mShortenedURL Exists (0.4ms)[0m  SELECT  1 AS one FROM "shortened_urls" WHERE "shortened_urls"."short_url" = ? LIMIT 1  [["short_url", "polkuYubCAAXI3-td6pAgw"]]
  [1m[36mShortenedURL Exists (0.1ms)[0m  [1mSELECT  1 AS one FROM "shortened_urls" WHERE "shortened_urls"."short_url" = ? LIMIT 1[0m  [["short_url", "2XB6pJr3gSvoHTf45JJreQ"]]
  [1m[35mShortenedURL Exists (0.2ms)[0m  SELECT  1 AS one FROM "shortened_urls" WHERE "shortened_urls"."short_url" = ? LIMIT 1  [["short_url", "-UiWvoS8shgWAw_ZDrEQag"]]
  [1m[36mShortenedURL Exists (0.1ms)[0m  [1mSELECT  1 AS one FROM "shortened_urls" WHERE "shortened_urls"."short_url" = ? LIMIT 1[0m  [["short_url", "oFM3cZ9NCbbu9Cb5_zPmuw"]]
  [1m[35m (0.1ms)[0m  begin transaction
  [1m[36mShortenedURL Exists (0.2ms)[0m  [1mSELECT  1 AS one FROM "shortened_urls" WHERE "shortened_urls"."short_url" = 'oFM3cZ9NCbbu9Cb5_zPmuw' LIMIT 1[0m
  [1m[35mShortenedURL Exists (0.1ms)[0m  SELECT  1 AS one FROM "shortened_urls" WHERE "shortened_urls"."submitter_id" IS NULL LIMIT 1
  [1m[36m (0.1ms)[0m  [1mrollback transaction[0m
  [1m[35mUser Load (0.2ms)[0m  SELECT "users".* FROM "users"
  [1m[36m (0.1ms)[0m  [1mbegin transaction[0m
  [1m[35mSQL (0.4ms)[0m  INSERT INTO "users" ("email", "created_at", "updated_at") VALUES (?, ?, ?)  [["email", "foo@appacademy.io"], ["created_at", "2016-02-24 20:21:17.921663"], ["updated_at", "2016-02-24 20:21:17.921663"]]
  [1m[36m (4.9ms)[0m  [1mcommit transaction[0m
  [1m[35mUser Load (0.2ms)[0m  SELECT "users".* FROM "users"
  [1m[36mShortenedURL Exists (0.1ms)[0m  [1mSELECT  1 AS one FROM "shortened_urls" WHERE "shortened_urls"."short_url" = ? LIMIT 1[0m  [["short_url", "hZoSNztGSMGK8latxgFpJA"]]
  [1m[35m (0.1ms)[0m  begin transaction
  [1m[36mShortenedURL Exists (0.1ms)[0m  [1mSELECT  1 AS one FROM "shortened_urls" WHERE "shortened_urls"."short_url" = 'hZoSNztGSMGK8latxgFpJA' LIMIT 1[0m
  [1m[35mShortenedURL Exists (0.1ms)[0m  SELECT  1 AS one FROM "shortened_urls" WHERE "shortened_urls"."submitter_id" = 1 LIMIT 1
  [1m[36mSQL (1.2ms)[0m  [1mINSERT INTO "shortened_urls" ("submitter_id", "long_url", "short_url", "created_at", "updated_at") VALUES (?, ?, ?, ?, ?)[0m  [["submitter_id", 1], ["long_url", "dsihfbslhdfbhsdbflsdbfiylsvegroyg387rglfb"], ["short_url", "hZoSNztGSMGK8latxgFpJA"], ["created_at", "2016-02-24 20:21:28.699874"], ["updated_at", "2016-02-24 20:21:28.699874"]]
  [1m[35m (1.1ms)[0m  commit transaction
  [1m[36mShortenedURL Exists (0.1ms)[0m  [1mSELECT  1 AS one FROM "shortened_urls" WHERE "shortened_urls"."short_url" = ? LIMIT 1[0m  [["short_url", "QO0Rha6j9fGKYINqweHe_w"]]
  [1m[36mShortenedURL Exists (0.3ms)[0m  [1mSELECT  1 AS one FROM "shortened_urls" WHERE "shortened_urls"."short_url" = ? LIMIT 1[0m  [["short_url", "zdLxGAMUcK8bRM_zUBP6nQ"]]
  [1m[35m (0.2ms)[0m  begin transaction
  [1m[36mShortenedURL Exists (0.2ms)[0m  [1mSELECT  1 AS one FROM "shortened_urls" WHERE "shortened_urls"."short_url" = 'zdLxGAMUcK8bRM_zUBP6nQ' LIMIT 1[0m
  [1m[35mShortenedURL Exists (0.1ms)[0m  SELECT  1 AS one FROM "shortened_urls" WHERE "shortened_urls"."submitter_id" IS NULL LIMIT 1
  [1m[36m (0.1ms)[0m  [1mrollback transaction[0m
  [1m[35mShortenedUrl Exists (0.2ms)[0m  SELECT  1 AS one FROM "shortened_urls" WHERE "shortened_urls"."short_url" = ? LIMIT 1  [["short_url", "-peBgEtIAJS2yx-DklUhuA"]]
  [1m[36m (0.1ms)[0m  [1mbegin transaction[0m
  [1m[35mShortenedUrl Exists (0.1ms)[0m  SELECT  1 AS one FROM "shortened_urls" WHERE "shortened_urls"."short_url" = '-peBgEtIAJS2yx-DklUhuA' LIMIT 1
  [1m[36mShortenedUrl Exists (0.1ms)[0m  [1mSELECT  1 AS one FROM "shortened_urls" WHERE "shortened_urls"."submitter_id" IS NULL LIMIT 1[0m
  [1m[35m (0.1ms)[0m  rollback transaction
  [1m[36m (0.1ms)[0m  [1mbegin transaction[0m
  [1m[35mUser Exists (0.3ms)[0m  SELECT  1 AS one FROM "users" WHERE "users"."email" = 'that@that.com' LIMIT 1
  [1m[36mSQL (0.5ms)[0m  [1mINSERT INTO "users" ("email", "created_at", "updated_at") VALUES (?, ?, ?)[0m  [["email", "that@that.com"], ["created_at", "2016-02-24 20:33:50.029842"], ["updated_at", "2016-02-24 20:33:50.029842"]]
  [1m[35m (5.8ms)[0m  commit transaction
  [1m[36mUser Load (0.2ms)[0m  [1mSELECT "users".* FROM "users"[0m
  [1m[35mShortenedUrl Exists (0.2ms)[0m  SELECT  1 AS one FROM "shortened_urls" WHERE "shortened_urls"."short_url" = ? LIMIT 1  [["short_url", "w-eBFnIRvTboyWZKxV03WQ"]]
  [1m[36m (0.1ms)[0m  [1mbegin transaction[0m
  [1m[35mShortenedUrl Exists (0.1ms)[0m  SELECT  1 AS one FROM "shortened_urls" WHERE "shortened_urls"."short_url" = 'w-eBFnIRvTboyWZKxV03WQ' LIMIT 1
  [1m[36mShortenedUrl Exists (0.1ms)[0m  [1mSELECT  1 AS one FROM "shortened_urls" WHERE "shortened_urls"."submitter_id" = 2 LIMIT 1[0m
  [1m[35mSQL (2.5ms)[0m  INSERT INTO "shortened_urls" ("submitter_id", "long_url", "short_url", "created_at", "updated_at") VALUES (?, ?, ?, ?, ?)  [["submitter_id", 2], ["long_url", "nkda;nfadl;nfklda;nfkal;fnkdl;a"], ["short_url", "w-eBFnIRvTboyWZKxV03WQ"], ["created_at", "2016-02-24 20:34:26.447870"], ["updated_at", "2016-02-24 20:34:26.447870"]]
  [1m[36m (6.6ms)[0m  [1mcommit transaction[0m
  [1m[35mShortenedUrl Load (0.2ms)[0m  SELECT "shortened_urls".* FROM "shortened_urls"
  [1m[36mShortenedUrl Exists (0.1ms)[0m  [1mSELECT  1 AS one FROM "shortened_urls" WHERE "shortened_urls"."short_url" = ? LIMIT 1[0m  [["short_url", "WXji_xkoJ1w5pbhrFBP6hQ"]]
  [1m[35m (0.1ms)[0m  begin transaction
  [1m[36mShortenedUrl Exists (0.2ms)[0m  [1mSELECT  1 AS one FROM "shortened_urls" WHERE "shortened_urls"."short_url" = 'WXji_xkoJ1w5pbhrFBP6hQ' LIMIT 1[0m
  [1m[35mShortenedUrl Exists (0.1ms)[0m  SELECT  1 AS one FROM "shortened_urls" WHERE "shortened_urls"."submitter_id" = 2 LIMIT 1
  [1m[36m (0.1ms)[0m  [1mrollback transaction[0m
  [1m[35mShortenedUrl Exists (0.2ms)[0m  SELECT  1 AS one FROM "shortened_urls" WHERE "shortened_urls"."short_url" = ? LIMIT 1  [["short_url", "nQsbP1CCUzH3oj31in6eww"]]
  [1m[36m (0.1ms)[0m  [1mbegin transaction[0m
  [1m[35mShortenedUrl Exists (0.1ms)[0m  SELECT  1 AS one FROM "shortened_urls" WHERE "shortened_urls"."short_url" = 'nQsbP1CCUzH3oj31in6eww' LIMIT 1
  [1m[36mSQL (0.9ms)[0m  [1mINSERT INTO "shortened_urls" ("submitter_id", "long_url", "short_url", "created_at", "updated_at") VALUES (?, ?, ?, ?, ?)[0m  [["submitter_id", 2], ["long_url", "87340573948759834*YD(SYD&(NDY&(D"], ["short_url", "nQsbP1CCUzH3oj31in6eww"], ["created_at", "2016-02-24 20:35:58.540675"], ["updated_at", "2016-02-24 20:35:58.540675"]]
  [1m[35m (5.1ms)[0m  commit transaction
  [1m[36mShortenedUrl Load (0.2ms)[0m  [1mSELECT "shortened_urls".* FROM "shortened_urls"[0m
  [1m[35mUser Load (0.2ms)[0m  SELECT "users".* FROM "users"
  [1m[36mUser Load (0.2ms)[0m  [1mSELECT  "users".* FROM "users"  ORDER BY "users"."id" ASC LIMIT 1[0m
  [1m[35mUser Load (0.2ms)[0m  SELECT  "users".* FROM "users"  ORDER BY "users"."id" ASC LIMIT 1
  [1m[36mShortenedUrl Load (0.2ms)[0m  [1mSELECT "shortened_urls".* FROM "shortened_urls" WHERE "shortened_urls"."submitter_id" = ?[0m  [["submitter_id", 1]]
  [1m[35mUser Load (0.2ms)[0m  SELECT  "users".* FROM "users"  ORDER BY "users"."id" DESC LIMIT 1
  [1m[36mShortenedUrl Load (0.1ms)[0m  [1mSELECT "shortened_urls".* FROM "shortened_urls" WHERE "shortened_urls"."submitter_id" = ?[0m  [["submitter_id", 2]]
  [1m[35mShortenedUrl Load (0.2ms)[0m  SELECT  "shortened_urls".* FROM "shortened_urls" WHERE "shortened_urls"."id" = ? LIMIT 1  [["id", 2]]
  [1m[36mShortenedUrl Load (0.2ms)[0m  [1mSELECT  "shortened_urls".* FROM "shortened_urls" WHERE "shortened_urls"."id" = ? LIMIT 1[0m  [["id", 2]]
  [1m[35mUser Load (0.2ms)[0m  SELECT  "users".* FROM "users" WHERE "users"."id" = ? LIMIT 1  [["id", 2]]
  [1m[36mShortenedUrl Load (0.2ms)[0m  [1mSELECT  "shortened_urls".* FROM "shortened_urls" WHERE "shortened_urls"."id" = ? LIMIT 1[0m  [["id", 2]]
  [1m[35mUser Load (0.1ms)[0m  SELECT  "users".* FROM "users" WHERE "users"."id" = ? LIMIT 1  [["id", 2]]
  [1m[36mActiveRecord::SchemaMigration Load (0.1ms)[0m  [1mSELECT "schema_migrations".* FROM "schema_migrations"[0m
Migrating to CreateVisits (20160224203959)
  [1m[35m (0.1ms)[0m  begin transaction
DEPRECATION WARNING: `#timestamps` was called without specifying an option for `null`. In Rails 5, this behavior will change to `null: false`. You should manually specify `null: true` to prevent the behavior of your existing migrations from changing. (called from block in change at /Users/appacademy/Desktop/w3d3/URLShortner/db/migrate/20160224203959_create_visits.rb:7)
  [1m[36m (0.5ms)[0m  [1mCREATE TABLE "visits" ("id" INTEGER PRIMARY KEY AUTOINCREMENT NOT NULL, "short_url_id" integer NOT NULL, "visitor_id" integer NOT NULL, "created_at" datetime, "updated_at" datetime) [0m
  [1m[35m (0.2ms)[0m  select sqlite_version(*)
  [1m[36m (0.1ms)[0m  [1mCREATE  INDEX "index_visits_on_short_url_id" ON "visits" ("short_url_id")[0m
  [1m[35m (0.1ms)[0m              SELECT sql
            FROM sqlite_master
            WHERE name='index_visits_on_short_url_id' AND type='index'
            UNION ALL
            SELECT sql
            FROM sqlite_temp_master
            WHERE name='index_visits_on_short_url_id' AND type='index'

  [1m[36m (0.2ms)[0m  [1mCREATE  INDEX "index_visits_on_visitor_id" ON "visits" ("visitor_id")[0m
  [1m[35mSQL (0.2ms)[0m  INSERT INTO "schema_migrations" ("version") VALUES (?)  [["version", "20160224203959"]]
  [1m[36m (1.4ms)[0m  [1mcommit transaction[0m
  [1m[35mActiveRecord::SchemaMigration Load (0.1ms)[0m  SELECT "schema_migrations".* FROM "schema_migrations"
  [1m[36m (0.2ms)[0m  [1m            SELECT sql
            FROM sqlite_master
            WHERE name='index_shortened_urls_on_submitter_id' AND type='index'
            UNION ALL
            SELECT sql
            FROM sqlite_temp_master
            WHERE name='index_shortened_urls_on_submitter_id' AND type='index'
[0m
  [1m[35m (0.2ms)[0m              SELECT sql
            FROM sqlite_master
            WHERE name='index_shortened_urls_on_short_url' AND type='index'
            UNION ALL
            SELECT sql
            FROM sqlite_temp_master
            WHERE name='index_shortened_urls_on_short_url' AND type='index'

  [1m[36m (0.3ms)[0m  [1m            SELECT sql
            FROM sqlite_master
            WHERE name='index_users_on_email' AND type='index'
            UNION ALL
            SELECT sql
            FROM sqlite_temp_master
            WHERE name='index_users_on_email' AND type='index'
[0m
  [1m[35m (0.1ms)[0m              SELECT sql
            FROM sqlite_master
            WHERE name='index_visits_on_visitor_id' AND type='index'
            UNION ALL
            SELECT sql
            FROM sqlite_temp_master
            WHERE name='index_visits_on_visitor_id' AND type='index'

  [1m[36m (0.1ms)[0m  [1m            SELECT sql
            FROM sqlite_master
            WHERE name='index_visits_on_short_url_id' AND type='index'
            UNION ALL
            SELECT sql
            FROM sqlite_temp_master
            WHERE name='index_visits_on_short_url_id' AND type='index'
[0m
  [1m[36mVisit Load (0.3ms)[0m  [1mSELECT "visits".* FROM "visits"[0m
  [1m[35mVisit Load (0.4ms)[0m  SELECT "visits".* FROM "visits"
  [1m[36mUser Load (0.1ms)[0m  [1mSELECT  "users".* FROM "users"  ORDER BY "users"."id" ASC LIMIT 1[0m
  [1m[35mUser Load (0.1ms)[0m  SELECT  "users".* FROM "users"  ORDER BY "users"."id" ASC LIMIT 1
  [1m[36mUser Load (0.1ms)[0m  [1mSELECT  "users".* FROM "users"  ORDER BY "users"."id" ASC LIMIT 1[0m
  [1m[35mUser Load (0.2ms)[0m  SELECT  "users".* FROM "users"  ORDER BY "users"."id" ASC LIMIT 1
  [1m[36mShortenedUrl Load (0.2ms)[0m  [1mSELECT  "shortened_urls".* FROM "shortened_urls" WHERE "shortened_urls"."submitter_id" = ?  ORDER BY "shortened_urls"."id" ASC LIMIT 1[0m  [["submitter_id", 1]]
  [1m[35m (0.1ms)[0m  begin transaction
  [1m[36mSQL (0.4ms)[0m  [1mINSERT INTO "visits" ("visitor_id", "short_url_id", "created_at", "updated_at") VALUES (?, ?, ?, ?)[0m  [["visitor_id", 1], ["short_url_id", 1], ["created_at", "2016-02-24 21:06:48.656259"], ["updated_at", "2016-02-24 21:06:48.656259"]]
  [1m[35m (4.7ms)[0m  commit transaction
  [1m[36mVisit Load (0.2ms)[0m  [1mSELECT "visits".* FROM "visits"[0m
  [1m[35mVisit Load (0.2ms)[0m  SELECT  "visits".* FROM "visits"  ORDER BY "visits"."id" ASC LIMIT 1
  [1m[36mUser Load (0.2ms)[0m  [1mSELECT  "users".* FROM "users" WHERE "users"."id" = ? LIMIT 1[0m  [["id", 1]]
  [1m[35mVisit Load (0.2ms)[0m  SELECT  "visits".* FROM "visits"  ORDER BY "visits"."id" ASC LIMIT 1
  [1m[36mShortenedUrl Load (0.2ms)[0m  [1mSELECT  "shortened_urls".* FROM "shortened_urls" WHERE "shortened_urls"."id" = ? LIMIT 1[0m  [["id", 1]]
  [1m[35mUser Load (0.2ms)[0m  SELECT  "users".* FROM "users"  ORDER BY "users"."id" ASC LIMIT 1
  [1m[36mUser Load (0.2ms)[0m  [1mSELECT  "users".* FROM "users"  ORDER BY "users"."id" DESC LIMIT 1[0m
  [1m[35mShortenedUrl Load (0.2ms)[0m  SELECT  "shortened_urls".* FROM "shortened_urls" WHERE "shortened_urls"."submitter_id" = ?  ORDER BY "shortened_urls"."id" DESC LIMIT 1  [["submitter_id", 2]]
  [1m[36m (0.1ms)[0m  [1mbegin transaction[0m
  [1m[35mSQL (1.4ms)[0m  INSERT INTO "visits" ("visitor_id", "short_url_id", "created_at", "updated_at") VALUES (?, ?, ?, ?)  [["visitor_id", 1], ["short_url_id", 3], ["created_at", "2016-02-24 21:10:11.716578"], ["updated_at", "2016-02-24 21:10:11.716578"]]
  [1m[36m (4.3ms)[0m  [1mcommit transaction[0m
  [1m[35mVisit Load (0.2ms)[0m  SELECT "visits".* FROM "visits"
  [1m[36mUser Load (0.2ms)[0m  [1mSELECT  "users".* FROM "users"  ORDER BY "users"."id" ASC LIMIT 1[0m
  [1m[35mUser Load (0.2ms)[0m  SELECT  "users".* FROM "users"  ORDER BY "users"."id" ASC LIMIT 1
  [1m[36mUser Load (0.2ms)[0m  [1mSELECT  "users".* FROM "users"  ORDER BY "users"."id" ASC LIMIT 1[0m
  [1m[35mVisit Load (0.2ms)[0m  SELECT "visits".* FROM "visits" WHERE "visits"."visitor_id" = ?  [["visitor_id", 1]]
  [1m[36mShortenedUrl Load (0.2ms)[0m  [1mSELECT "shortened_urls".* FROM "shortened_urls"[0m
  [1m[35mShortenedUrl Load (0.2ms)[0m  SELECT  "shortened_urls".* FROM "shortened_urls"  ORDER BY "shortened_urls"."id" DESC LIMIT 1
  [1m[36mVisit Load (0.2ms)[0m  [1mSELECT "visits".* FROM "visits" WHERE "visits"."short_url_id" = ?[0m  [["short_url_id", 3]]
  [1m[35mShortenedUrl Load (0.2ms)[0m  SELECT  "shortened_urls".* FROM "shortened_urls"  ORDER BY "shortened_urls"."id" ASC LIMIT 1
  [1m[36mVisit Load (0.1ms)[0m  [1mSELECT "visits".* FROM "visits" WHERE "visits"."short_url_id" = ?[0m  [["short_url_id", 1]]
  [1m[35mVisit Load (0.2ms)[0m  SELECT "visits".* FROM "visits"
  [1m[36mUser Load (0.2ms)[0m  [1mSELECT  "users".* FROM "users" WHERE "users"."id" = ? LIMIT 1[0m  [["id", 2]]
  [1m[35mShortenedUrl Load (0.2ms)[0m  SELECT  "shortened_urls".* FROM "shortened_urls" WHERE "shortened_urls"."id" = ? LIMIT 1  [["id", 1]]
  [1m[36m (0.2ms)[0m  [1mbegin transaction[0m
  [1m[35mSQL (0.5ms)[0m  INSERT INTO "visits" ("visitor_id", "short_url_id", "created_at", "updated_at") VALUES (?, ?, ?, ?)  [["visitor_id", 2], ["short_url_id", 1], ["created_at", "2016-02-24 21:19:10.202520"], ["updated_at", "2016-02-24 21:19:10.202520"]]
  [1m[36m (5.9ms)[0m  [1mcommit transaction[0m
  [1m[35mVisit Load (0.2ms)[0m  SELECT "visits".* FROM "visits"
  [1m[36mShortenedUrl Load (0.1ms)[0m  [1mSELECT  "shortened_urls".* FROM "shortened_urls"  ORDER BY "shortened_urls"."id" ASC LIMIT 1[0m
  [1m[35mVisit Load (0.2ms)[0m  SELECT "visits".* FROM "visits" WHERE "visits"."short_url_id" = ?  [["short_url_id", 1]]
  [1m[36mUser Load (0.1ms)[0m  [1mSELECT  "users".* FROM "users"  ORDER BY "users"."id" ASC LIMIT 1[0m
  [1m[35mShortenedUrl Load (0.3ms)[0m  SELECT "shortened_urls".* FROM "shortened_urls" INNER JOIN "visits" ON "shortened_urls"."id" = "visits"."short_url_id" WHERE "visits"."visitor_id" = ?  [["visitor_id", 1]]
  [1m[36mVisit Load (0.2ms)[0m  [1mSELECT "visits".* FROM "visits"[0m
  [1m[35mShortenedUrl Load (0.1ms)[0m  SELECT  "shortened_urls".* FROM "shortened_urls"  ORDER BY "shortened_urls"."id" ASC LIMIT 1
  [1m[36mUser Load (0.2ms)[0m  [1mSELECT "users".* FROM "users" INNER JOIN "visits" ON "users"."id" = "visits"."visitor_id" WHERE "visits"."short_url_id" = ?[0m  [["short_url_id", 1]]
  [1m[35mShortenedUrl Load (0.4ms)[0m  SELECT "shortened_urls".* FROM "shortened_urls"
  [1m[36mShortenedUrl Load (0.2ms)[0m  [1mSELECT  "shortened_urls".* FROM "shortened_urls"  ORDER BY "shortened_urls"."id" ASC LIMIT 1[0m
  [1m[35mVisit Load (0.4ms)[0m  SELECT "visits".* FROM "visits" WHERE "visits"."short_url_id" = ?  [["short_url_id", 1]]
  [1m[36mShortenedUrl Load (0.2ms)[0m  [1mSELECT  "shortened_urls".* FROM "shortened_urls"  ORDER BY "shortened_urls"."id" ASC LIMIT 1[0m
  [1m[35m (0.7ms)[0m  SELECT COUNT(user_id) FROM "visits" WHERE "visits"."short_url_id" = ?  [["short_url_id", 1]]
  [1m[36mShortenedUrl Load (0.1ms)[0m  [1mSELECT  "shortened_urls".* FROM "shortened_urls"  ORDER BY "shortened_urls"."id" ASC LIMIT 1[0m
  [1m[35m (0.2ms)[0m  SELECT COUNT("visits"."visitor_id") FROM "visits" WHERE "visits"."short_url_id" = ?  [["short_url_id", 1]]
  [1m[36mVisit Load (0.2ms)[0m  [1mSELECT "visits".* FROM "visits"[0m
  [1m[35mShortenedUrl Load (0.3ms)[0m  SELECT  "shortened_urls".* FROM "shortened_urls"  ORDER BY "shortened_urls"."id" ASC LIMIT 1
  [1m[36m (0.4ms)[0m  [1mSELECT DISTINCT COUNT(DISTINCT "visits"."visitor_id") FROM "visits" WHERE "visits"."short_url_id" = ?[0m  [["short_url_id", 1]]
  [1m[35mUser Load (0.2ms)[0m  SELECT  "users".* FROM "users" WHERE "users"."id" = ? LIMIT 1  [["id", 1]]
  [1m[36mShortenedUrl Load (0.2ms)[0m  [1mSELECT  "shortened_urls".* FROM "shortened_urls" WHERE "shortened_urls"."id" = ? LIMIT 1[0m  [["id", 1]]
  [1m[35m (0.1ms)[0m  begin transaction
  [1m[36mSQL (0.4ms)[0m  [1mINSERT INTO "visits" ("visitor_id", "short_url_id", "created_at", "updated_at") VALUES (?, ?, ?, ?)[0m  [["visitor_id", 1], ["short_url_id", 1], ["created_at", "2016-02-24 21:45:34.254913"], ["updated_at", "2016-02-24 21:45:34.254913"]]
  [1m[35m (5.0ms)[0m  commit transaction
  [1m[36mVisit Load (0.2ms)[0m  [1mSELECT "visits".* FROM "visits"[0m
  [1m[35mShortenedUrl Load (0.2ms)[0m  SELECT  "shortened_urls".* FROM "shortened_urls"  ORDER BY "shortened_urls"."id" ASC LIMIT 1
  [1m[36m (0.1ms)[0m  [1mSELECT COUNT("visits"."visitor_id") FROM "visits" WHERE "visits"."short_url_id" = ?[0m  [["short_url_id", 1]]
  [1m[35mShortenedUrl Load (0.2ms)[0m  SELECT  "shortened_urls".* FROM "shortened_urls"  ORDER BY "shortened_urls"."id" ASC LIMIT 1
  [1m[36m (0.2ms)[0m  [1mSELECT DISTINCT COUNT(DISTINCT "visits"."visitor_id") FROM "visits" WHERE "visits"."short_url_id" = ?[0m  [["short_url_id", 1]]
  [1m[35mShortenedUrl Load (0.2ms)[0m  SELECT  "shortened_urls".* FROM "shortened_urls"  ORDER BY "shortened_urls"."id" ASC LIMIT 1
  [1m[36m (0.2ms)[0m  [1mSELECT DISTINCT COUNT(DISTINCT "visits"."visitor_id") FROM "visits" WHERE "visits"."short_url_id" = ?[0m  [["short_url_id", 1]]
  [1m[35mShortenedUrl Load (0.1ms)[0m  SELECT  "shortened_urls".* FROM "shortened_urls"  ORDER BY "shortened_urls"."id" ASC LIMIT 1
  [1m[36m (0.4ms)[0m  [1mSELECT DISTINCT COUNT(DISTINCT "visits"."visitor_id") FROM "visits" WHERE "visits"."short_url_id" = ?[0m  [["short_url_id", 1]]
  [1m[35mShortenedUrl Load (0.1ms)[0m  SELECT  "shortened_urls".* FROM "shortened_urls"  ORDER BY "shortened_urls"."id" ASC LIMIT 1
  [1m[36m (0.4ms)[0m  [1mSELECT DISTINCT COUNT(DISTINCT "visits"."visitor_id") FROM "visits" WHERE "visits"."short_url_id" = ? AND ("visits"."created_at" BETWEEN '2016-02-24 21:38:53.908503' AND '2016-02-24 21:48:53.908565')[0m  [["short_url_id", 1]]
  [1m[35mShortenedUrl Load (0.2ms)[0m  SELECT  "shortened_urls".* FROM "shortened_urls"  ORDER BY "shortened_urls"."id" ASC LIMIT 1
  [1m[36m (0.3ms)[0m  [1mSELECT DISTINCT COUNT(DISTINCT "visits"."visitor_id") FROM "visits" WHERE "visits"."short_url_id" = ? AND ("visits"."created_at" BETWEEN '2015-12-17 11:09:19.408389' AND '2016-02-24 21:49:19.408415')[0m  [["short_url_id", 1]]
  [1m[35mShortenedUrl Load (0.1ms)[0m  SELECT  "shortened_urls".* FROM "shortened_urls"  ORDER BY "shortened_urls"."id" ASC LIMIT 1
  [1m[36mVisit Load (0.2ms)[0m  [1mSELECT "visits".* FROM "visits" WHERE "visits"."short_url_id" = ?[0m  [["short_url_id", 1]]
  [1m[35mShortenedUrl Load (0.1ms)[0m  SELECT  "shortened_urls".* FROM "shortened_urls"  ORDER BY "shortened_urls"."id" ASC LIMIT 1
  [1m[36m (0.3ms)[0m  [1mSELECT DISTINCT COUNT(DISTINCT "users"."id") FROM "users" INNER JOIN "visits" ON "users"."id" = "visits"."visitor_id" WHERE "visits"."short_url_id" = ? AND ("users"."created_at" BETWEEN '2015-12-17 11:29:48.837451' AND '2016-02-24 22:09:48.837501')[0m  [["short_url_id", 1]]
  [1m[35mShortenedUrl Load (0.2ms)[0m  SELECT  "shortened_urls".* FROM "shortened_urls"  ORDER BY "shortened_urls"."id" ASC LIMIT 1
  [1m[36m (0.3ms)[0m  [1mSELECT DISTINCT COUNT(DISTINCT "users"."id") FROM "users" INNER JOIN "visits" ON "users"."id" = "visits"."visitor_id" WHERE "visits"."short_url_id" = ? AND ("users"."created_at" BETWEEN '2016-02-24 21:29:53.273888' AND '2016-02-24 22:09:53.273912')[0m  [["short_url_id", 1]]
  [1m[35mShortenedUrl Load (0.2ms)[0m  SELECT  "shortened_urls".* FROM "shortened_urls"  ORDER BY "shortened_urls"."id" ASC LIMIT 1
  [1m[36m (0.4ms)[0m  [1mSELECT DISTINCT COUNT(DISTINCT "users"."id") FROM "users" INNER JOIN "visits" ON "users"."id" = "visits"."visitor_id" WHERE "visits"."short_url_id" = ? AND ("users"."created_at" BETWEEN '2016-02-24 21:19:55.767842' AND '2016-02-24 22:09:55.767871')[0m  [["short_url_id", 1]]
  [1m[35mShortenedUrl Load (0.2ms)[0m  SELECT  "shortened_urls".* FROM "shortened_urls"  ORDER BY "shortened_urls"."id" ASC LIMIT 1
  [1m[36m (0.4ms)[0m  [1mSELECT DISTINCT COUNT(DISTINCT "users"."id") FROM "users" INNER JOIN "visits" ON "users"."id" = "visits"."visitor_id" WHERE "visits"."short_url_id" = ? AND ("users"."created_at" BETWEEN '2016-02-24 21:10:00.343651' AND '2016-02-24 22:10:00.343678')[0m  [["short_url_id", 1]]
  [1m[35mShortenedUrl Load (0.2ms)[0m  SELECT  "shortened_urls".* FROM "shortened_urls"  ORDER BY "shortened_urls"."id" ASC LIMIT 1
  [1m[36m (0.5ms)[0m  [1mSELECT DISTINCT COUNT(DISTINCT "users"."id") FROM "users" INNER JOIN "visits" ON "users"."id" = "visits"."visitor_id" WHERE "visits"."short_url_id" = ? AND ("users"."created_at" BETWEEN '2016-02-24 21:00:03.600438' AND '2016-02-24 22:10:03.600465')[0m  [["short_url_id", 1]]
  [1m[35mShortenedUrl Load (0.2ms)[0m  SELECT  "shortened_urls".* FROM "shortened_urls"  ORDER BY "shortened_urls"."id" ASC LIMIT 1
  [1m[36m (0.3ms)[0m  [1mSELECT DISTINCT COUNT(DISTINCT "users"."id") FROM "users" INNER JOIN "visits" ON "users"."id" = "visits"."visitor_id" WHERE "visits"."short_url_id" = ? AND ("users"."created_at" BETWEEN '2016-02-24 20:50:06.800794' AND '2016-02-24 22:10:06.800830')[0m  [["short_url_id", 1]]
  [1m[35mShortenedUrl Load (0.2ms)[0m  SELECT  "shortened_urls".* FROM "shortened_urls"  ORDER BY "shortened_urls"."id" ASC LIMIT 1
  [1m[36m (0.3ms)[0m  [1mSELECT DISTINCT COUNT(DISTINCT "users"."id") FROM "users" INNER JOIN "visits" ON "users"."id" = "visits"."visitor_id" WHERE "visits"."short_url_id" = ? AND ("users"."created_at" BETWEEN '2016-02-24 20:30:09.207668' AND '2016-02-24 22:10:09.207693')[0m  [["short_url_id", 1]]
  [1m[35mShortenedUrl Load (0.2ms)[0m  SELECT  "shortened_urls".* FROM "shortened_urls"  ORDER BY "shortened_urls"."id" ASC LIMIT 1
  [1m[36m (0.5ms)[0m  [1mSELECT DISTINCT COUNT(DISTINCT "users"."id") FROM "users" INNER JOIN "visits" ON "users"."id" = "visits"."visitor_id" WHERE "visits"."short_url_id" = ?[0m  [["short_url_id", 1]]
  [1m[35mShortenedUrl Load (0.3ms)[0m  SELECT  "shortened_urls".* FROM "shortened_urls"  ORDER BY "shortened_urls"."id" ASC LIMIT 1
  [1m[36m (0.2ms)[0m  [1mSELECT COUNT("visits"."visitor_id") FROM "visits" WHERE "visits"."short_url_id" = ?[0m  [["short_url_id", 1]]
